[     650ms] [ERROR] Framing 'https://www.googletagmanager.com/' violates the following Content Security Policy directive: "frame-src 'self' *.optimizely.com *.doubleclick.net *.adsrvr.org *.bounceexchange.com *.amazon-adsystem.com *.owneriq.net *.google.com *.facebook.com *.facebook.net *.rokt.com *.amazon.com *.paypal.com *.payments-amazon.com *.sojern.com *.qantasloyalty.com *.qantas.com tag.yieldoptimizer.com img3.avis.com img3.budget.com img3.paylesscar.com *.youtube.com quantserv.com adnxs.com impactradius-event.com dgm-au.com everestjs.net everesttech.net yahoo.com xg4ken.com *.online-metrix.net *.uplift.com *.quantummetric.com api.securedvisit.com track.securedvisit.com content.securedvisit.com images.securedvisit.com track.sv.rkdms.com *.mypurecloud.com *.nagich.com cloudfront.net bing.com go.pardot.com sme.avis.co.nz sme.avis.com.au sme.budget.co.nz sme.budget.com.au *.salecycle.com abgnz.wufoo.com *.youtube-nocookie.com *.mypurecloud.com *.mypurecloud.com.au". The request has been blocked.
 @ https://www.googletagmanager.com/:0
[     675ms] [WARNING] Failed to execute 'postMessage' on 'DOMWindow': The target origin provided ('https://www.googletagmanager.com') does not match the recipient window's origin ('null'). @ https://www.googletagmanager.com/gtm.js?id=GTM-T2LNGBD:739
[    1060ms] [ERROR] Access to fetch at 'https://aacdn.nagich.com/assets/locale/en.json' from origin 'https://www.budget.com' has been blocked by CORS policy: No 'Access-Control-Allow-Origin' header is present on the requested resource. @ https://www.budget.com/en/home:0
[    1060ms] [ERROR] Failed to load resource: net::ERR_FAILED @ https://aacdn.nagich.com/assets/locale/en.json:0
[    1083ms] TypeError: Failed to fetch
    at n.LoadDefaults (https://aacdn.nagich.com/core/4.3.5/accessibility.js:1:27474)
    at n.init (https://aacdn.nagich.com/core/4.3.5/accessibility.js:1:1732)
    at https://aacdn.nagich.com/core/4.3.5/accessibility.js:1:726
    at <anonymous>
[    1213ms] [WARNING] Failed to execute 'postMessage' on 'DOMWindow': The target origin provided ('https://www.googletagmanager.com') does not match the recipient window's origin ('null'). @ https://www.googletagmanager.com/gtm.js?id=GTM-T2LNGBD:739
[    1714ms] [WARNING] Failed to execute 'postMessage' on 'DOMWindow': The target origin provided ('https://www.googletagmanager.com') does not match the recipient window's origin ('null'). @ https://www.googletagmanager.com/gtm.js?id=GTM-T2LNGBD:739
[    2217ms] [WARNING] Failed to execute 'postMessage' on 'DOMWindow': The target origin provided ('https://www.googletagmanager.com') does not match the recipient window's origin ('null'). @ https://www.googletagmanager.com/gtm.js?id=GTM-T2LNGBD:739
[    2706ms] [ERROR] Framing 'https://consentag.eu/' violates the following Content Security Policy directive: "frame-src 'self' *.optimizely.com *.doubleclick.net *.adsrvr.org *.bounceexchange.com *.amazon-adsystem.com *.owneriq.net *.google.com *.facebook.com *.facebook.net *.rokt.com *.amazon.com *.paypal.com *.payments-amazon.com *.sojern.com *.qantasloyalty.com *.qantas.com tag.yieldoptimizer.com img3.avis.com img3.budget.com img3.paylesscar.com *.youtube.com quantserv.com adnxs.com impactradius-event.com dgm-au.com everestjs.net everesttech.net yahoo.com xg4ken.com *.online-metrix.net *.uplift.com *.quantummetric.com api.securedvisit.com track.securedvisit.com content.securedvisit.com images.securedvisit.com track.sv.rkdms.com *.mypurecloud.com *.nagich.com cloudfront.net bing.com go.pardot.com sme.avis.co.nz sme.avis.com.au sme.budget.co.nz sme.budget.com.au *.salecycle.com abgnz.wufoo.com *.youtube-nocookie.com *.mypurecloud.com *.mypurecloud.com.au". The request has been blocked.
 @ https://consentag.eu/:0
[    2723ms] [WARNING] Failed to execute 'postMessage' on 'DOMWindow': The target origin provided ('https://www.googletagmanager.com') does not match the recipient window's origin ('null'). @ https://www.googletagmanager.com/gtm.js?id=GTM-T2LNGBD:739
[    3229ms] [WARNING] Failed to execute 'postMessage' on 'DOMWindow': The target origin provided ('https://www.googletagmanager.com') does not match the recipient window's origin ('null'). @ https://www.googletagmanager.com/gtm.js?id=GTM-T2LNGBD:739
[    3734ms] [WARNING] Failed to execute 'postMessage' on 'DOMWindow': The target origin provided ('https://www.googletagmanager.com') does not match the recipient window's origin ('null'). @ https://www.googletagmanager.com/gtm.js?id=GTM-T2LNGBD:739
[    4239ms] [WARNING] Failed to execute 'postMessage' on 'DOMWindow': The target origin provided ('https://www.googletagmanager.com') does not match the recipient window's origin ('null'). @ https://www.googletagmanager.com/gtm.js?id=GTM-T2LNGBD:739
[    4744ms] [WARNING] Failed to execute 'postMessage' on 'DOMWindow': The target origin provided ('https://www.googletagmanager.com') does not match the recipient window's origin ('null'). @ https://www.googletagmanager.com/gtm.js?id=GTM-T2LNGBD:739
[    5272ms] [WARNING] Failed to execute 'postMessage' on 'DOMWindow': The target origin provided ('https://www.googletagmanager.com') does not match the recipient window's origin ('null'). @ https://www.googletagmanager.com/gtm.js?id=GTM-T2LNGBD:739
[    5777ms] [WARNING] Failed to execute 'postMessage' on 'DOMWindow': The target origin provided ('https://www.googletagmanager.com') does not match the recipient window's origin ('null'). @ https://www.googletagmanager.com/gtm.js?id=GTM-T2LNGBD:739
[    6283ms] [WARNING] Failed to execute 'postMessage' on 'DOMWindow': The target origin provided ('https://www.googletagmanager.com') does not match the recipient window's origin ('null'). @ https://www.googletagmanager.com/gtm.js?id=GTM-T2LNGBD:739
[    6789ms] [WARNING] Failed to execute 'postMessage' on 'DOMWindow': The target origin provided ('https://www.googletagmanager.com') does not match the recipient window's origin ('null'). @ https://www.googletagmanager.com/gtm.js?id=GTM-T2LNGBD:739
[    7294ms] [WARNING] Failed to execute 'postMessage' on 'DOMWindow': The target origin provided ('https://www.googletagmanager.com') does not match the recipient window's origin ('null'). @ https://www.googletagmanager.com/gtm.js?id=GTM-T2LNGBD:739
[    7800ms] [WARNING] Failed to execute 'postMessage' on 'DOMWindow': The target origin provided ('https://www.googletagmanager.com') does not match the recipient window's origin ('null'). @ https://www.googletagmanager.com/gtm.js?id=GTM-T2LNGBD:739
[    8306ms] [WARNING] Failed to execute 'postMessage' on 'DOMWindow': The target origin provided ('https://www.googletagmanager.com') does not match the recipient window's origin ('null'). @ https://www.googletagmanager.com/gtm.js?id=GTM-T2LNGBD:739
[    8810ms] [WARNING] Failed to execute 'postMessage' on 'DOMWindow': The target origin provided ('https://www.googletagmanager.com') does not match the recipient window's origin ('null'). @ https://www.googletagmanager.com/gtm.js?id=GTM-T2LNGBD:739
[    9316ms] [WARNING] Failed to execute 'postMessage' on 'DOMWindow': The target origin provided ('https://www.googletagmanager.com') does not match the recipient window's origin ('null'). @ https://www.googletagmanager.com/gtm.js?id=GTM-T2LNGBD:739
[    9821ms] [WARNING] Failed to execute 'postMessage' on 'DOMWindow': The target origin provided ('https://www.googletagmanager.com') does not match the recipient window's origin ('null'). @ https://www.googletagmanager.com/gtm.js?id=GTM-T2LNGBD:739
